<!doctype html>
<html lang="">
<head>
    <meta charset="UTF-8">
    <meta name="viewport"
          content="width=device-width, user-scalable=no, initial-scale=1.0, maximum-scale=1.0, minimum-scale=1.0">
    <meta http-equiv="X-UA-Compatible" content="ie=edge">
    <title>Test Results Report - Test Checkout and Payment</title>

    <link href="reportng.css" rel="stylesheet" type="text/css"/>
</head>
<body>
<div id="meta">
Generated by <a href="http://www.testng.org" target="_blank">TestNG</a> with <a href="https://github.com/testng-team/reportng" target="_blank">ReportNG</a>
at 11:38 MDT on Thursday 30 June 2022
    <br/><span
    id="systemInfo">Owner@DESKTOP-93CMEQ7&nbsp;/&nbsp;Java 1.8.0_202 (Oracle Corporation)&nbsp;/&nbsp;Windows 10 10.0 (amd64)</span>
</div>
<h1>Test Checkout and Payment</h1>

<p>
    <a href="index.html">Suites</a>
        &#183; <a href="output.html">Log Output</a>
</p>

<p>Test duration
    : 47.959s</p>


    <table class="resultsTable">
        <tr>
            <th colspan="3" class="header failed">Failed Tests</th>
        </tr>
            <tr>
                <td class="group" colspan="3">com.ecomm.alexandnova.zenobiamayfield.testcases.PaymentTest</td>
            </tr>
    <tr>
        <td class="method">
                tc0018_checkout_mandatory_fields_validation
        </td>
        <td class="duration">
            4.597s
        </td>
        <td class="result">
            <!-- Display the dependencies for skipped test methods -->


            <!-- Show logger output for the test -->

                <a href="javascript:toggleElement('exception-0', 'block')"
                   title="Click to expand/collapse">
                    <b>java.lang.AssertionError: expected [Your payment details couldnâ€™t be verified. Check your card details and try again.] but found [Your payment details couldn&apos;t be verified. Check your card details and try again.]</b>
                </a>
                <br/>
                <div class="stackTrace" id="exception-0">
                        org.testng.Assert.fail(Assert.java:96)<br/>
                        org.testng.Assert.failNotEquals(Assert.java:776)<br/>
                        org.testng.Assert.assertEqualsImpl(Assert.java:137)<br/>
                        org.testng.Assert.assertEquals(Assert.java:118)<br/>
                        org.testng.Assert.assertEquals(Assert.java:453)<br/>
                        org.testng.Assert.assertEquals(Assert.java:463)<br/>
                        com.ecomm.alexandnova.zenobiamayfield.testcases.PaymentTest.tc0018_checkout_mandatory_fields_validation(PaymentTest.java:128)<br/>
                        sun.reflect.NativeMethodAccessorImpl.invoke0(Native Method)<br/>
                        sun.reflect.NativeMethodAccessorImpl.invoke(NativeMethodAccessorImpl.java:62)<br/>
                        sun.reflect.DelegatingMethodAccessorImpl.invoke(DelegatingMethodAccessorImpl.java:43)<br/>
                        java.lang.reflect.Method.invoke(Method.java:498)<br/>
                        org.testng.internal.MethodInvocationHelper.invokeMethod(MethodInvocationHelper.java:124)<br/>
                        org.testng.internal.Invoker.invokeMethod(Invoker.java:583)<br/>
                        org.testng.internal.Invoker.invokeTestMethod(Invoker.java:719)<br/>
                        org.testng.internal.Invoker.invokeTestMethods(Invoker.java:989)<br/>
                        org.testng.internal.TestMethodWorker.invokeTestMethods(TestMethodWorker.java:125)<br/>
                        org.testng.internal.TestMethodWorker.run(TestMethodWorker.java:109)<br/>
                        org.testng.TestRunner.privateRun(TestRunner.java:648)<br/>
                        org.testng.TestRunner.run(TestRunner.java:505)<br/>
                        org.testng.SuiteRunner.runTest(SuiteRunner.java:455)<br/>
                        org.testng.SuiteRunner.runSequentially(SuiteRunner.java:450)<br/>
                        org.testng.SuiteRunner.privateRun(SuiteRunner.java:415)<br/>
                        org.testng.SuiteRunner.run(SuiteRunner.java:364)<br/>
                        org.testng.SuiteRunnerWorker.runSuite(SuiteRunnerWorker.java:52)<br/>
                        org.testng.SuiteRunnerWorker.run(SuiteRunnerWorker.java:84)<br/>
                        org.testng.TestNG.runSuitesSequentially(TestNG.java:1208)<br/>
                        org.testng.TestNG.runSuitesLocally(TestNG.java:1137)<br/>
                        org.testng.TestNG.runSuites(TestNG.java:1049)<br/>
                        org.testng.TestNG.run(TestNG.java:1017)<br/>
                        com.intellij.rt.testng.IDEARemoteTestNG.run(IDEARemoteTestNG.java:66)<br/>
                        com.intellij.rt.testng.RemoteTestNGStarter.main(RemoteTestNGStarter.java:109)<br/>
                </div>
        </td>
    </tr>
    <tr>
        <td class="method">
                tc0019_product_checkout_successfully
        </td>
        <td class="duration">
            4.150s
        </td>
        <td class="result">
            <!-- Display the dependencies for skipped test methods -->


            <!-- Show logger output for the test -->

                <a href="javascript:toggleElement('exception-1', 'block')"
                   title="Click to expand/collapse">
                    <b>org.openqa.selenium.StaleElementReferenceException: stale element reference: element is not attached to the page document<br/>
&nbsp; (Session info: chrome=103.0.5060.53)<br/>
For documentation on this error, please visit: https://selenium.dev/exceptions/#stale_element_reference<br/>
Build info: version: &apos;4.0.0&apos;, revision: &apos;3a21814679&apos;<br/>
System info: host: &apos;DESKTOP-93CMEQ7&apos;, ip: &apos;10.0.0.132&apos;, os.name: &apos;Windows 10&apos;, os.arch: &apos;amd64&apos;, os.version: &apos;10.0&apos;, java.version: &apos;1.8.0_202&apos;<br/>
Driver info: org.openqa.selenium.chrome.ChromeDriver<br/>
Command: [8ac8f89e855a469440988d6b4b6acbc0, getElementText {id=5524f407-57cb-4b8b-84b8-6dfd956ee2bf}]<br/>
Capabilities {acceptInsecureCerts: false, browserName: chrome, browserVersion: 103.0.5060.53, chrome: {chromedriverVersion: 103.0.5060.53 (a1711811edd7..., userDataDir: C:\Users\Owner\AppData\Loca...}, goog:chromeOptions: {debuggerAddress: localhost:55719}, javascriptEnabled: true, networkConnectionEnabled: false, pageLoadStrategy: normal, platform: WINDOWS, platformName: WINDOWS, proxy: Proxy(), se:cdp: ws://localhost:55719/devtoo..., se:cdpVersion: 103.0.5060.53, setWindowRect: true, strictFileInteractability: false, timeouts: {implicit: 0, pageLoad: 300000, script: 30000}, unhandledPromptBehavior: dismiss and notify, webauthn:extension:credBlob: true, webauthn:extension:largeBlob: true, webauthn:virtualAuthenticators: true}<br/>
Element: [[ChromeDriver: chrome on WINDOWS (8ac8f89e855a469440988d6b4b6acbc0)] -&gt; xpath: /html/body/div/div/div/main/div[1]/div/form/div[1]/div[2]/div[2]/div/p]<br/>
Session ID: 8ac8f89e855a469440988d6b4b6acbc0</b>
                </a>
                <br/>
                <div class="stackTrace" id="exception-1">
                        sun.reflect.NativeConstructorAccessorImpl.newInstance0(Native Method)<br/>
                        sun.reflect.NativeConstructorAccessorImpl.newInstance(NativeConstructorAccessorImpl.java:62)<br/>
                        sun.reflect.DelegatingConstructorAccessorImpl.newInstance(DelegatingConstructorAccessorImpl.java:45)<br/>
                        java.lang.reflect.Constructor.newInstance(Constructor.java:423)<br/>
                        org.openqa.selenium.remote.codec.w3c.W3CHttpResponseCodec.createException(W3CHttpResponseCodec.java:200)<br/>
                        org.openqa.selenium.remote.codec.w3c.W3CHttpResponseCodec.decode(W3CHttpResponseCodec.java:133)<br/>
                        org.openqa.selenium.remote.codec.w3c.W3CHttpResponseCodec.decode(W3CHttpResponseCodec.java:53)<br/>
                        org.openqa.selenium.remote.HttpCommandExecutor.execute(HttpCommandExecutor.java:184)<br/>
                        org.openqa.selenium.remote.service.DriverCommandExecutor.invokeExecute(DriverCommandExecutor.java:164)<br/>
                        org.openqa.selenium.remote.service.DriverCommandExecutor.execute(DriverCommandExecutor.java:139)<br/>
                        org.openqa.selenium.remote.RemoteWebDriver.execute(RemoteWebDriver.java:559)<br/>
                        org.openqa.selenium.remote.RemoteWebElement.execute(RemoteWebElement.java:251)<br/>
                        org.openqa.selenium.remote.RemoteWebElement.getText(RemoteWebElement.java:201)<br/>
                        com.ecomm.alexandnova.zenobiamayfield.pages.PaymentInfoPage.getErrorMessage(PaymentInfoPage.java:91)<br/>
                        com.ecomm.alexandnova.zenobiamayfield.testcases.PaymentTest.tc0019_product_checkout_successfully(PaymentTest.java:155)<br/>
                        sun.reflect.NativeMethodAccessorImpl.invoke0(Native Method)<br/>
                        sun.reflect.NativeMethodAccessorImpl.invoke(NativeMethodAccessorImpl.java:62)<br/>
                        sun.reflect.DelegatingMethodAccessorImpl.invoke(DelegatingMethodAccessorImpl.java:43)<br/>
                        java.lang.reflect.Method.invoke(Method.java:498)<br/>
                        org.testng.internal.MethodInvocationHelper.invokeMethod(MethodInvocationHelper.java:124)<br/>
                        org.testng.internal.Invoker.invokeMethod(Invoker.java:583)<br/>
                        org.testng.internal.Invoker.invokeTestMethod(Invoker.java:719)<br/>
                        org.testng.internal.Invoker.invokeTestMethods(Invoker.java:989)<br/>
                        org.testng.internal.TestMethodWorker.invokeTestMethods(TestMethodWorker.java:125)<br/>
                        org.testng.internal.TestMethodWorker.run(TestMethodWorker.java:109)<br/>
                        org.testng.TestRunner.privateRun(TestRunner.java:648)<br/>
                        org.testng.TestRunner.run(TestRunner.java:505)<br/>
                        org.testng.SuiteRunner.runTest(SuiteRunner.java:455)<br/>
                        org.testng.SuiteRunner.runSequentially(SuiteRunner.java:450)<br/>
                        org.testng.SuiteRunner.privateRun(SuiteRunner.java:415)<br/>
                        org.testng.SuiteRunner.run(SuiteRunner.java:364)<br/>
                        org.testng.SuiteRunnerWorker.runSuite(SuiteRunnerWorker.java:52)<br/>
                        org.testng.SuiteRunnerWorker.run(SuiteRunnerWorker.java:84)<br/>
                        org.testng.TestNG.runSuitesSequentially(TestNG.java:1208)<br/>
                        org.testng.TestNG.runSuitesLocally(TestNG.java:1137)<br/>
                        org.testng.TestNG.runSuites(TestNG.java:1049)<br/>
                        org.testng.TestNG.run(TestNG.java:1017)<br/>
                        com.intellij.rt.testng.IDEARemoteTestNG.run(IDEARemoteTestNG.java:66)<br/>
                        com.intellij.rt.testng.RemoteTestNGStarter.main(RemoteTestNGStarter.java:109)<br/>
                </div>
        </td>
    </tr>
    </table>


    <table class="resultsTable" width="100%">
        <tr>
            <th colspan="3" class="header passed">Passed Tests</th>
        </tr>
            <tr>
                <td class="group" colspan="3">com.ecomm.alexandnova.zenobiamayfield.testcases.PaymentTest</td>
            </tr>
    <tr>
        <td class="method">
                tc0016_verify_discount_code_at_checkout_test
        </td>
        <td class="duration">
            19.868s
        </td>
        <td class="result">
            <!-- Display the dependencies for skipped test methods -->


            <!-- Show logger output for the test -->

        </td>
    </tr>
    <tr>
        <td class="method">
                tc0017_payment_method_check
        </td>
        <td class="duration">
            18.295s
        </td>
        <td class="result">
            <!-- Display the dependencies for skipped test methods -->


            <!-- Show logger output for the test -->

        </td>
    </tr>
    </table>

<script type="text/javascript" src="reportng.js"></script>
</body>
